<?xml version="1.0" encoding="UTF-8"?>
<!-- Generated by org.testng.reporters.JUnitXMLReporter -->
<testsuite hostname="Nandana" ignored="0" name="Command line test" tests="4" failures="0" timestamp="30 Jul 2018 12:34:26 GMT" time="0.079" errors="0">
  <testcase name="sum" time="0.016" classname="com.Bugzilla.TestNGBasics"/>
  <testcase name="difference" time="0.0" classname="com.Bugzilla.TestNGBasics"/>
  <testcase name="division" time="0.001" classname="com.Bugzilla.TestNGBasics"/>
  <testcase name="multi" time="0.001" classname="com.Bugzilla.TestNGBasics"/>
</testsuite> <!-- Command line test -->
