<?xml version="1.0" encoding="UTF-8"?>
<!-- Generated by org.testng.reporters.JUnitXMLReporter -->
<testsuite hostname="Nandana" ignored="0" name="Test" tests="4" failures="0" timestamp="28 Jul 2018 15:59:30 GMT" time="0.115" errors="0">
  <testcase name="sum" time="0.02" classname="com.Bugzilla.TestNGBasics"/>
  <testcase name="difference" time="0.007" classname="com.Bugzilla.TestNGBasics"/>
  <testcase name="division" time="0.003" classname="com.Bugzilla.TestNGBasics"/>
  <testcase name="multi" time="0.003" classname="com.Bugzilla.TestNGBasics"/>
</testsuite> <!-- Test -->
