<?xml version="1.0" encoding="UTF-8"?>
<!-- Generated by org.testng.reporters.JUnitXMLReporter -->
<testsuite hostname="Nandana" ignored="0" name="Test" tests="8" failures="0" timestamp="02 Aug 2018 13:20:27 GMT" time="0.137" errors="0">
  <testcase name="loginTest1" time="0.015" classname="com.Bugzilla.TC_LoginTest"/>
  <testcase name="loginTest2" time="0.0" classname="com.Bugzilla.TC_LoginTest"/>
  <testcase name="gHtest" time="0.0" classname="com.Bugzilla.GitHubTest"/>
  <testcase name="loginTest" time="0.0" classname="com.Bugzilla.TC_LoginTest"/>
  <testcase name="sum" time="0.0" classname="com.Bugzilla.TestNGBasics"/>
  <testcase name="difference" time="0.0" classname="com.Bugzilla.TestNGBasics"/>
  <testcase name="division" time="0.0" classname="com.Bugzilla.TestNGBasics"/>
  <testcase name="multi" time="0.016" classname="com.Bugzilla.TestNGBasics"/>
</testsuite> <!-- Test -->
