<?xml version="1.0" encoding="UTF-8"?>
<testng-results skipped="0" failed="0" ignored="0" total="1" passed="1">
  <reporter-output>
  </reporter-output>
  <suite name="Default suite" duration-ms="100" started-at="2018-08-02T11:53:35Z" finished-at="2018-08-02T11:53:35Z">
    <groups>
    </groups>
    <test name="Default test" duration-ms="100" started-at="2018-08-02T11:53:35Z" finished-at="2018-08-02T11:53:35Z">
      <class name="com.Bugzilla.TC_LoginTest">
        <test-method status="PASS" signature="loginTest()[pri:2, instance:com.Bugzilla.TC_LoginTest@25af5db5]" name="loginTest" duration-ms="15" started-at="2018-08-02T11:53:35Z" finished-at="2018-08-02T11:53:35Z">
          <reporter-output>
          </reporter-output>
        </test-method> <!-- loginTest -->
      </class> <!-- com.Bugzilla.TC_LoginTest -->
    </test> <!-- Default test -->
  </suite> <!-- Default suite -->
</testng-results>
