<?xml version="1.0" encoding="UTF-8"?>
<testng-results skipped="0" failed="0" ignored="0" total="8" passed="8">
  <reporter-output>
  </reporter-output>
  <suite name="Suite" duration-ms="137" started-at="2018-08-02T13:20:26Z" finished-at="2018-08-02T13:20:27Z">
    <groups>
    </groups>
    <test name="Test" duration-ms="137" started-at="2018-08-02T13:20:26Z" finished-at="2018-08-02T13:20:27Z">
      <class name="com.Bugzilla.GitHubTest">
        <test-method status="PASS" signature="gHtest()[pri:0, instance:com.Bugzilla.GitHubTest@27f723]" name="gHtest" duration-ms="0" started-at="2018-08-02T13:20:26Z" finished-at="2018-08-02T13:20:26Z">
          <reporter-output>
          </reporter-output>
        </test-method> <!-- gHtest -->
      </class> <!-- com.Bugzilla.GitHubTest -->
      <class name="com.Bugzilla.TC_LoginTest">
        <test-method status="PASS" signature="loginTest1()[pri:0, instance:com.Bugzilla.TC_LoginTest@5f3a4b84]" name="loginTest1" duration-ms="15" started-at="2018-08-02T13:20:26Z" finished-at="2018-08-02T13:20:26Z">
          <reporter-output>
          </reporter-output>
        </test-method> <!-- loginTest1 -->
        <test-method status="PASS" signature="loginTest2()[pri:0, instance:com.Bugzilla.TC_LoginTest@5f3a4b84]" name="loginTest2" duration-ms="0" started-at="2018-08-02T13:20:26Z" finished-at="2018-08-02T13:20:26Z">
          <reporter-output>
          </reporter-output>
        </test-method> <!-- loginTest2 -->
        <test-method status="PASS" signature="loginTest()[pri:2, instance:com.Bugzilla.TC_LoginTest@5f3a4b84]" name="loginTest" duration-ms="0" started-at="2018-08-02T13:20:27Z" finished-at="2018-08-02T13:20:27Z">
          <reporter-output>
          </reporter-output>
        </test-method> <!-- loginTest -->
      </class> <!-- com.Bugzilla.TC_LoginTest -->
      <class name="com.Bugzilla.TestNGBasics">
        <test-method status="PASS" signature="sum()[pri:5, instance:com.Bugzilla.TestNGBasics@670b40af]" name="sum" duration-ms="0" started-at="2018-08-02T13:20:27Z" finished-at="2018-08-02T13:20:27Z">
          <reporter-output>
          </reporter-output>
        </test-method> <!-- sum -->
        <test-method status="PASS" signature="difference()[pri:12, instance:com.Bugzilla.TestNGBasics@670b40af]" name="difference" duration-ms="0" started-at="2018-08-02T13:20:27Z" finished-at="2018-08-02T13:20:27Z">
          <reporter-output>
          </reporter-output>
        </test-method> <!-- difference -->
        <test-method status="PASS" signature="division()[pri:29, instance:com.Bugzilla.TestNGBasics@670b40af]" name="division" duration-ms="0" started-at="2018-08-02T13:20:27Z" finished-at="2018-08-02T13:20:27Z">
          <reporter-output>
          </reporter-output>
        </test-method> <!-- division -->
        <test-method status="PASS" signature="multi()[pri:23, instance:com.Bugzilla.TestNGBasics@670b40af]" name="multi" duration-ms="16" started-at="2018-08-02T13:20:27Z" depends-on-methods="com.Bugzilla.TestNGBasics.division" finished-at="2018-08-02T13:20:27Z">
          <reporter-output>
          </reporter-output>
        </test-method> <!-- multi -->
      </class> <!-- com.Bugzilla.TestNGBasics -->
    </test> <!-- Test -->
  </suite> <!-- Suite -->
</testng-results>
